C:\Program Files (x86)\MSBuild\Microsoft.Cpp\v4.0\V140\Microsoft.CppBuild.targets(368,5): warning MSB8004: Output Directory does not end with a trailing slash.  This build instance will add the slash as it is required to allow proper evaluation of the Output Directory.
  ReBroadcast.c
  RandomNumber.c
  Multicast.c
  Encryption.c
  Emulation_application.c
  Distribution.c
  des_run.c
  des.c
  Database_FTP_Custom.c
  CoAP.c
  BSM.c
g:\kanak\personal\vanet_project\project_source_codes\application\bsm.c(124): warning C4244: '=': conversion from '__int64' to 'unsigned int', possible loss of data
  Application.c
g:\kanak\personal\vanet_project\project_source_codes\application\application.c(750): warning C4013: 'encryptBlock' undefined; assuming extern returning int
g:\kanak\personal\vanet_project\project_source_codes\application\application.c(752): warning C4013: 'aes256' undefined; assuming extern returning int
g:\kanak\personal\vanet_project\project_source_codes\application\application.c(754): warning C4013: 'des' undefined; assuming extern returning int
  aes_run.c
  aes.c
  Generating Code...
C:\Program Files (x86)\MSBuild\Microsoft.Cpp\v4.0\V140\Microsoft.CppBuild.targets(1189,5): warning MSB8012: TargetPath(G:\KANAK\Personal\VANET_PROJECT\Project_Source_Codes\Application\..\Dll\Application.dll) does not match the Linker's OutputFile property value (G:\KANAK\Personal\VANET_PROJECT\Project_Source_Codes\Dll\libApplication.dll). This may cause your project to build incorrectly. To correct this, please make sure that $(OutDir), $(TargetName) and $(TargetExt) property values match the value specified in %(Link.OutputFile).
C:\Program Files (x86)\MSBuild\Microsoft.Cpp\v4.0\V140\Microsoft.CppBuild.targets(1191,5): warning MSB8012: TargetName(Application) does not match the Linker's OutputFile property value (libApplication). This may cause your project to build incorrectly. To correct this, please make sure that $(OutDir), $(TargetName) and $(TargetExt) property values match the value specified in %(Link.OutputFile).
aes.obj : warning LNK4075: ignoring '/EDITANDCONTINUE' due to '/OPT:LBR' specification
  Application.lib(HTTP.obj) : MSIL .netmodule or module compiled with /GL found; restarting link with /LTCG; add /LTCG to the link command line to improve linker performance
aes.obj : warning LNK4075: ignoring '/EDITANDCONTINUE' due to '/OPT:LBR' specification
     Creating library ..\Dll\Application.lib and object ..\Dll\Application.exp
LINK : warning LNK4098: defaultlib 'MSVCRT' conflicts with use of other libs; use /NODEFAULTLIB:library
  Generating code
  Finished generating code
Application.lib(HTTP.obj) : warning LNK4099: PDB 'ApplicationLib.pdb' was not found with 'Application.lib(HTTP.obj)' or at 'G:\KANAK\Personal\VANET_PROJECT\Project_Source_Codes\Dll\ApplicationLib.pdb'; linking object as if no debug info
Application.lib(Video.obj) : warning LNK4099: PDB 'ApplicationLib.pdb' was not found with 'Application.lib(Video.obj)' or at 'G:\KANAK\Personal\VANET_PROJECT\Project_Source_Codes\Dll\ApplicationLib.pdb'; linking object as if no debug info
Application.lib(Voice.obj) : warning LNK4099: PDB 'ApplicationLib.pdb' was not found with 'Application.lib(Voice.obj)' or at 'G:\KANAK\Personal\VANET_PROJECT\Project_Source_Codes\Dll\ApplicationLib.pdb'; linking object as if no debug info
Application.lib(P2P.obj) : warning LNK4099: PDB 'ApplicationLib.pdb' was not found with 'Application.lib(P2P.obj)' or at 'G:\KANAK\Personal\VANET_PROJECT\Project_Source_Codes\Dll\ApplicationLib.pdb'; linking object as if no debug info
Application.lib(Email.obj) : warning LNK4099: PDB 'ApplicationLib.pdb' was not found with 'Application.lib(Email.obj)' or at 'G:\KANAK\Personal\VANET_PROJECT\Project_Source_Codes\Dll\ApplicationLib.pdb'; linking object as if no debug info
Application.lib(ErlangCall.obj) : warning LNK4099: PDB 'ApplicationLib.pdb' was not found with 'Application.lib(ErlangCall.obj)' or at 'G:\KANAK\Personal\VANET_PROJECT\Project_Source_Codes\Dll\ApplicationLib.pdb'; linking object as if no debug info
Application.lib(libApplication.obj) : warning LNK4099: PDB 'ApplicationLib.pdb' was not found with 'Application.lib(libApplication.obj)' or at 'G:\KANAK\Personal\VANET_PROJECT\Project_Source_Codes\Dll\ApplicationLib.pdb'; linking object as if no debug info
Application.lib(App_Metrics.obj) : warning LNK4099: PDB 'ApplicationLib.pdb' was not found with 'Application.lib(App_Metrics.obj)' or at 'G:\KANAK\Personal\VANET_PROJECT\Project_Source_Codes\Dll\ApplicationLib.pdb'; linking object as if no debug info
list.lib(List.obj) : warning LNK4099: PDB 'List.pdb' was not found with 'list.lib(List.obj)' or at 'G:\KANAK\Personal\VANET_PROJECT\Project_Source_Codes\Dll\List.pdb'; linking object as if no debug info
IP.lib(IPLib.obj) : warning LNK4099: PDB 'IPLib.pdb' was not found with 'IP.lib(IPLib.obj)' or at 'G:\KANAK\Personal\VANET_PROJECT\Project_Source_Codes\Dll\IPLib.pdb'; linking object as if no debug info
  Application.vcxproj -> G:\KANAK\Personal\VANET_PROJECT\Project_Source_Codes\Application\..\Dll\Application.dll
  Application.vcxproj -> ..\Dll\Application.pdb (Full PDB)
