g:\kanak\personal\bin\application.lib
g:\kanak\personal\bin\application.exp
g:\kanak\personal\vanet_project\project_source_codes\application\x64\debug\vc140.pdb
g:\kanak\personal\vanet_project\project_source_codes\application\x64\debug\vc140.idb
g:\kanak\personal\vanet_project\project_source_codes\application\x64\debug\aes.obj
g:\kanak\personal\vanet_project\project_source_codes\application\x64\debug\aes_run.obj
g:\kanak\personal\vanet_project\project_source_codes\application\x64\debug\application.obj
g:\kanak\personal\vanet_project\project_source_codes\application\x64\debug\bsm.obj
g:\kanak\personal\vanet_project\project_source_codes\application\x64\debug\coap.obj
g:\kanak\personal\vanet_project\project_source_codes\application\x64\debug\database_ftp_custom.obj
g:\kanak\personal\vanet_project\project_source_codes\application\x64\debug\des.obj
g:\kanak\personal\vanet_project\project_source_codes\application\x64\debug\des_run.obj
g:\kanak\personal\vanet_project\project_source_codes\application\x64\debug\distribution.obj
g:\kanak\personal\vanet_project\project_source_codes\application\x64\debug\emulation_application.obj
g:\kanak\personal\vanet_project\project_source_codes\application\x64\debug\encryption.obj
g:\kanak\personal\vanet_project\project_source_codes\application\x64\debug\multicast.obj
g:\kanak\personal\vanet_project\project_source_codes\application\x64\debug\randomnumber.obj
g:\kanak\personal\vanet_project\project_source_codes\application\x64\debug\rebroadcast.obj
g:\kanak\personal\bin\libapplication.dll
g:\kanak\personal\bin\application.pdb
g:\kanak\personal\vanet_project\project_source_codes\application\x64\debug\application.tlog\application.write.1u.tlog
g:\kanak\personal\vanet_project\project_source_codes\application\x64\debug\application.tlog\cl.command.1.tlog
g:\kanak\personal\vanet_project\project_source_codes\application\x64\debug\application.tlog\cl.read.1.tlog
g:\kanak\personal\vanet_project\project_source_codes\application\x64\debug\application.tlog\cl.write.1.tlog
g:\kanak\personal\vanet_project\project_source_codes\application\x64\debug\application.tlog\link.command.1.tlog
g:\kanak\personal\vanet_project\project_source_codes\application\x64\debug\application.tlog\link.read.1.tlog
g:\kanak\personal\vanet_project\project_source_codes\application\x64\debug\application.tlog\link.write.1.tlog
